生成启动时间为 2016/4/21 星期四 16:27:40。
     1>项目“d:\documents\visual studio 2010\Projects\CScrollBar\CScrollBar\CScrollBar.vcxproj”在节点 2 上(build 个目标)。
     1>InitializeBuildStatus:
         正在对“Debug\CScrollBar.unsuccessfulbuild”执行 Touch 任务。
       ClCompile:
         所有输出均为最新。
         D:\Program Files (x86)\VS2010\VC\bin\CL.exe /c /ZI /nologo /W3 /WX- /Od /Oy- /D WIN32 /D _WINDOWS /D _DEBUG /D _MBCS /Gm /EHsc /RTC1 /MTd /GS /fp:precise /Zc:wchar_t /Zc:forScope /Yu"StdAfx.h" /Fp"Debug\CScrollBar.pch" /Fo"Debug\\" /Fd"Debug\vc100.pdb" /Gd /TP /analyze- /errorReport:prompt CScrollBarDlg.cpp
         CScrollBarDlg.cpp
       ResourceCompile:
         所有输出均为最新。
       ManifestResourceCompile:
         所有输出均为最新。
       Link:
         D:\Program Files (x86)\VS2010\VC\bin\link.exe /ERRORREPORT:PROMPT /OUT:"d:\documents\visual studio 2010\Projects\CScrollBar\Debug\CScrollBar.exe" /INCREMENTAL /NOLOGO /MANIFEST /ManifestFile:"Debug\CScrollBar.exe.intermediate.manifest" /MANIFESTUAC:"level='asInvoker' uiAccess='false'" /DEBUG /PDB:"d:\documents\visual studio 2010\Projects\CScrollBar\Debug\CScrollBar.pdb" /SUBSYSTEM:WINDOWS /TLBID:1 /DYNAMICBASE /NXCOMPAT /IMPLIB:"d:\documents\visual studio 2010\Projects\CScrollBar\Debug\CScrollBar.lib" /MACHINE:X86 Debug\CScrollBar.res
         Debug\CScrollBar.exe.embed.manifest.res
         Debug\CScrollBar.obj
         Debug\CScrollBarDlg.obj
         Debug\stdafx.obj
       Manifest:
         C:\Program Files (x86)\Microsoft SDKs\Windows\v7.0A\bin\mt.exe /nologo /verbose /out:"Debug\CScrollBar.exe.embed.manifest" /manifest Debug\CScrollBar.exe.intermediate.manifest "D:\Program Files (x86)\VS2010\VC\Include\Manifest\dpiaware.manifest"
         所有输出均为最新。
       LinkEmbedManifest:
         所有输出均为最新。
         CScrollBar.vcxproj -> d:\documents\visual studio 2010\Projects\CScrollBar\Debug\CScrollBar.exe
       FinalizeBuildStatus:
         正在删除文件“Debug\CScrollBar.unsuccessfulbuild”。
         正在对“Debug\CScrollBar.lastbuildstate”执行 Touch 任务。
     1>已完成生成项目“d:\documents\visual studio 2010\Projects\CScrollBar\CScrollBar\CScrollBar.vcxproj”(build 个目标)的操作。

生成成功。

已用时间 00:00:00.93
